# JRE version: OpenJDK Runtime Environment (8.0_152-b01) (build 1.8.0_152-release-1343-b01)
# Java VM: OpenJDK 64-Bit Server VM (25.152-b01 mixed mode windows-amd64 compressed oops)
Heap:
 PSYoungGen      total 287232K, used 205731K [0x00000000e0000000, 0x00000000f4d80000, 0x0000000100000000)
  eden space 257024K, 76% used [0x00000000e0000000,0x00000000ebeccee8,0x00000000efb00000)
  from space 30208K, 34% used [0x00000000efb00000,0x00000000f051bf58,0x00000000f1880000)
  to   space 29184K, 0% used [0x00000000f3100000,0x00000000f3100000,0x00000000f4d80000)
 ParOldGen       total 208896K, used 63557K [0x00000000a0000000, 0x00000000acc00000, 0x00000000e0000000)
  object space 208896K, 30% used [0x00000000a0000000,0x00000000a3e11618,0x00000000acc00000)
 Metaspace       used 105884K, capacity 111218K, committed 111424K, reserved 1146880K
  class space    used 13136K, capacity 14064K, committed 14184K, reserved 1048576K
GC Heap History (10 events):
Event: 664.561 GC heap before
{Heap before GC invocations=29 (full 4):
 PSYoungGen      total 253952K, used 239296K [0x00000000e0000000, 0x00000000f0f00000, 0x0000000100000000)
  eden space 233472K, 100% used [0x00000000e0000000,0x00000000ee400000,0x00000000ee400000)
  from space 20480K, 28% used [0x00000000efb00000,0x00000000f00b0180,0x00000000f0f00000)
  to   space 22016K, 0% used [0x00000000ee400000,0x00000000ee400000,0x00000000ef980000)
 ParOldGen       total 208896K, used 62703K [0x00000000a0000000, 0x00000000acc00000, 0x00000000e0000000)
  object space 208896K, 30% used [0x00000000a0000000,0x00000000a3d3bf68,0x00000000acc00000)
 Metaspace       used 103919K, capacity 109036K, committed 109120K, reserved 1144832K
  class space    used 13026K, capacity 13915K, committed 13928K, reserved 1048576K
Event: 664.664 GC heap after
Heap after GC invocations=29 (full 4):
 PSYoungGen      total 255488K, used 16291K [0x00000000e0000000, 0x00000000f1a00000, 0x0000000100000000)
  eden space 233472K, 0% used [0x00000000e0000000,0x00000000e0000000,0x00000000ee400000)
  from space 22016K, 73% used [0x00000000ee400000,0x00000000ef3e8cf8,0x00000000ef980000)
  to   space 23040K, 0% used [0x00000000f0380000,0x00000000f0380000,0x00000000f1a00000)
 ParOldGen       total 208896K, used 62711K [0x00000000a0000000, 0x00000000acc00000, 0x00000000e0000000)
  object space 208896K, 30% used [0x00000000a0000000,0x00000000a3d3df68,0x00000000acc00000)
 Metaspace       used 103919K, capacity 109036K, committed 109120K, reserved 1144832K
  class space    used 13026K, capacity 13915K, committed 13928K, reserved 1048576K
}
Event: 672.697 GC heap before
{Heap before GC invocations=30 (full 4):
 PSYoungGen      total 255488K, used 249763K [0x00000000e0000000, 0x00000000f1a00000, 0x0000000100000000)
  eden space 233472K, 100% used [0x00000000e0000000,0x00000000ee400000,0x00000000ee400000)
  from space 22016K, 73% used [0x00000000ee400000,0x00000000ef3e8cf8,0x00000000ef980000)
  to   space 23040K, 0% used [0x00000000f0380000,0x00000000f0380000,0x00000000f1a00000)
 ParOldGen       total 208896K, used 62711K [0x00000000a0000000, 0x00000000acc00000, 0x00000000e0000000)
  object space 208896K, 30% used [0x00000000a0000000,0x00000000a3d3df68,0x00000000acc00000)
 Metaspace       used 104974K, capacity 110152K, committed 110272K, reserved 1144832K
  class space    used 13094K, capacity 13989K, committed 14056K, reserved 1048576K
Event: 672.795 GC heap after
Heap after GC invocations=30 (full 4):
 PSYoungGen      total 264704K, used 15889K [0x00000000e0000000, 0x00000000f2180000, 0x0000000100000000)
  eden space 241664K, 0% used [0x00000000e0000000,0x00000000e0000000,0x00000000eec00000)
  from space 23040K, 68% used [0x00000000f0380000,0x00000000f13044b0,0x00000000f1a00000)
  to   space 24064K, 0% used [0x00000000eec00000,0x00000000eec00000,0x00000000f0380000)
 ParOldGen       total 208896K, used 62719K [0x00000000a0000000, 0x00000000acc00000, 0x00000000e0000000)
  object space 208896K, 30% used [0x00000000a0000000,0x00000000a3d3ff68,0x00000000acc00000)
 Metaspace       used 104974K, capacity 110152K, committed 110272K, reserved 1144832K
  class space    used 13094K, capacity 13989K, committed 14056K, reserved 1048576K
}
Event: 675.346 GC heap before
{Heap before GC invocations=31 (full 4):
 PSYoungGen      total 264704K, used 257553K [0x00000000e0000000, 0x00000000f2180000, 0x0000000100000000)
  eden space 241664K, 100% used [0x00000000e0000000,0x00000000eec00000,0x00000000eec00000)
  from space 23040K, 68% used [0x00000000f0380000,0x00000000f13044b0,0x00000000f1a00000)
  to   space 24064K, 0% used [0x00000000eec00000,0x00000000eec00000,0x00000000f0380000)
 ParOldGen       total 208896K, used 62719K [0x00000000a0000000, 0x00000000acc00000, 0x00000000e0000000)
  object space 208896K, 30% used [0x00000000a0000000,0x00000000a3d3ff68,0x00000000acc00000)
 Metaspace       used 105103K, capacity 110300K, committed 110528K, reserved 1146880K
  class space    used 13096K, capacity 13991K, committed 14056K, reserved 1048576K
Event: 675.380 GC heap after
Heap after GC invocations=31 (full 4):
 PSYoungGen      total 265728K, used 21045K [0x00000000e0000000, 0x00000000f3200000, 0x0000000100000000)
  eden space 241664K, 0% used [0x00000000e0000000,0x00000000e0000000,0x00000000eec00000)
  from space 24064K, 87% used [0x00000000eec00000,0x00000000f008d4d8,0x00000000f0380000)
  to   space 26112K, 0% used [0x00000000f1880000,0x00000000f1880000,0x00000000f3200000)
 ParOldGen       total 208896K, used 62727K [0x00000000a0000000, 0x00000000acc00000, 0x00000000e0000000)
  object space 208896K, 30% used [0x00000000a0000000,0x00000000a3d41f68,0x00000000acc00000)
 Metaspace       used 105103K, capacity 110300K, committed 110528K, reserved 1146880K
  class space    used 13096K, capacity 13991K, committed 14056K, reserved 1048576K
}
Event: 676.912 GC heap before
{Heap before GC invocations=32 (full 4):
 PSYoungGen      total 265728K, used 262709K [0x00000000e0000000, 0x00000000f3200000, 0x0000000100000000)
  eden space 241664K, 100% used [0x00000000e0000000,0x00000000eec00000,0x00000000eec00000)
  from space 24064K, 87% used [0x00000000eec00000,0x00000000f008d4d8,0x00000000f0380000)
  to   space 26112K, 0% used [0x00000000f1880000,0x00000000f1880000,0x00000000f3200000)
 ParOldGen       total 208896K, used 62727K [0x00000000a0000000, 0x00000000acc00000, 0x00000000e0000000)
  object space 208896K, 30% used [0x00000000a0000000,0x00000000a3d41f68,0x00000000acc00000)
 Metaspace       used 105224K, capacity 110520K, committed 110784K, reserved 1146880K
  class space    used 13097K, capacity 13991K, committed 14056K, reserved 1048576K
Event: 676.959 GC heap after
Heap after GC invocations=32 (full 4):
 PSYoungGen      total 283136K, used 26083K [0x00000000e0000000, 0x00000000f4300000, 0x0000000100000000)
  eden space 257024K, 0% used [0x00000000e0000000,0x00000000e0000000,0x00000000efb00000)
  from space 26112K, 99% used [0x00000000f1880000,0x00000000f31f8e20,0x00000000f3200000)
  to   space 30208K, 0% used [0x00000000efb00000,0x00000000efb00000,0x00000000f1880000)
 ParOldGen       total 208896K, used 63549K [0x00000000a0000000, 0x00000000acc00000, 0x00000000e0000000)
  object space 208896K, 30% used [0x00000000a0000000,0x00000000a3e0f618,0x00000000acc00000)
 Metaspace       used 105224K, capacity 110520K, committed 110784K, reserved 1146880K
  class space    used 13097K, capacity 13991K, committed 14056K, reserved 1048576K
}
Event: 699.385 GC heap before
{Heap before GC invocations=33 (full 4):
 PSYoungGen      total 283136K, used 283107K [0x00000000e0000000, 0x00000000f4300000, 0x0000000100000000)
  eden space 257024K, 100% used [0x00000000e0000000,0x00000000efb00000,0x00000000efb00000)
  from space 26112K, 99% used [0x00000000f1880000,0x00000000f31f8e20,0x00000000f3200000)
  to   space 30208K, 0% used [0x00000000efb00000,0x00000000efb00000,0x00000000f1880000)
 ParOldGen       total 208896K, used 63549K [0x00000000a0000000, 0x00000000acc00000, 0x00000000e0000000)
  object space 208896K, 30% used [0x00000000a0000000,0x00000000a3e0f618,0x00000000acc00000)
 Metaspace       used 105634K, capacity 110794K, committed 111040K, reserved 1146880K
  class space    used 13127K, capacity 13994K, committed 14056K, reserved 1048576K
Event: 699.417 GC heap after
Heap after GC invocations=33 (full 4):
 PSYoungGen      total 287232K, used 10351K [0x00000000e0000000, 0x00000000f4d80000, 0x0000000100000000)
  eden space 257024K, 0% used [0x00000000e0000000,0x00000000e0000000,0x00000000efb00000)
  from space 30208K, 34% used [0x00000000efb00000,0x00000000f051bf58,0x00000000f1880000)
  to   space 29184K, 0% used [0x00000000f3100000,0x00000000f3100000,0x00000000f4d80000)
 ParOldGen       total 208896K, used 63557K [0x00000000a0000000, 0x00000000acc00000, 0x00000000e0000000)
  object space 208896K, 30% used [0x00000000a0000000,0x00000000a3e11618,0x00000000acc00000)
 Metaspace       used 105634K, capacity 110794K, committed 111040K, reserved 1146880K
  class space    used 13127K, capacity 13994K, committed 14056K, reserved 1048576K
}

